<?xml version="1.0" encoding="UTF-8"?>
<!-- Generated by org.testng.reporters.JUnitReportReporter -->
<testsuite skipped="0" hostname="Krish" name="Cigniti.AppiumTest" tests="2" failures="0" timestamp="2020-02-09T22:48:11 IST" time="0.007" errors="0">
  <testcase name="nativeAppsAndroid" time="0.001" classname="Cigniti.AppiumTest"/>
  <system-out/>
  <testcase name="HybridAppsIOS" time="0.006" classname="Cigniti.AppiumTest"/>
  <system-out/>
</testsuite> <!-- Cigniti.AppiumTest -->
