<?xml version="1.0" encoding="UTF-8"?>
<!-- Generated by org.testng.reporters.JUnitReportReporter -->
<testsuite skipped="0" hostname="Krish" name="Cigniti.RESTAPITest" tests="2" failures="0" timestamp="2020-02-09T22:48:11 IST" time="0.001" errors="0">
  <testcase name="DefectPostInJira" time="0.001" classname="Cigniti.RESTAPITest"/>
  <system-out/>
  <testcase name="DeleteTweet" time="0.000" classname="Cigniti.RESTAPITest"/>
  <system-out/>
</testsuite> <!-- Cigniti.RESTAPITest -->
