<?xml version="1.0" encoding="UTF-8"?>
<!-- Generated by org.testng.reporters.JUnitReportReporter -->
<testsuite skipped="0" hostname="Krish" name="Cigniti.AppTest" tests="1" failures="0" timestamp="2020-02-09T22:48:12 IST" time="0.001" errors="0">
  <testcase name="testApp" time="0.001" classname="Cigniti.AppTest"/>
  <system-out/>
</testsuite> <!-- Cigniti.AppTest -->
