<?xml version="1.0" encoding="UTF-8"?>
<!-- Generated by org.testng.reporters.JUnitReportReporter -->
<testsuite skipped="0" hostname="Krish" name="Cigniti.SeleniumTest" tests="2" failures="0" timestamp="2020-02-10T23:30:44 IST" time="0.002" errors="0">
  <testcase name="UITest" time="0.001" classname="Cigniti.SeleniumTest"/>
  <system-out/>
  <testcase name="BrowserTest" time="0.001" classname="Cigniti.SeleniumTest"/>
  <system-out/>
</testsuite> <!-- Cigniti.SeleniumTest -->
